{"/Users/mac/projects/twizll/twizll-api/controllers/auth/findUser.js": {"path":"/Users/mac/projects/twizll/twizll-api/controllers/auth/findUser.js","statementMap":{"0":{"start":{"line":1,"column":14},"end":{"line":1,"column":48}},"1":{"start":{"line":2,"column":15},"end":{"line":2,"column":50}},"2":{"start":{"line":3,"column":16},"end":{"line":3,"column":52}},"3":{"start":{"line":5,"column":17},"end":{"line":34,"column":1}},"4":{"start":{"line":7,"column":4},"end":{"line":20,"column":5}},"5":{"start":{"line":8,"column":4},"end":{"line":8,"column":58}},"6":{"start":{"line":8,"column":35},"end":{"line":8,"column":58}},"7":{"start":{"line":10,"column":18},"end":{"line":10,"column":48}},"8":{"start":{"line":11,"column":4},"end":{"line":11,"column":27}},"9":{"start":{"line":11,"column":15},"end":{"line":11,"column":27}},"10":{"start":{"line":13,"column":19},"end":{"line":13,"column":50}},"11":{"start":{"line":14,"column":4},"end":{"line":14,"column":28}},"12":{"start":{"line":14,"column":16},"end":{"line":14,"column":28}},"13":{"start":{"line":16,"column":20},"end":{"line":16,"column":52}},"14":{"start":{"line":17,"column":4},"end":{"line":17,"column":29}},"15":{"start":{"line":17,"column":17},"end":{"line":17,"column":29}},"16":{"start":{"line":19,"column":4},"end":{"line":19,"column":27}},"17":{"start":{"line":22,"column":4},"end":{"line":33,"column":5}},"18":{"start":{"line":23,"column":22},"end":{"line":23,"column":46}},"19":{"start":{"line":24,"column":4},"end":{"line":24,"column":28}},"20":{"start":{"line":24,"column":15},"end":{"line":24,"column":28}},"21":{"start":{"line":26,"column":19},"end":{"line":26,"column":44}},"22":{"start":{"line":27,"column":4},"end":{"line":27,"column":30}},"23":{"start":{"line":27,"column":16},"end":{"line":27,"column":30}},"24":{"start":{"line":29,"column":20},"end":{"line":29,"column":46}},"25":{"start":{"line":30,"column":4},"end":{"line":30,"column":32}},"26":{"start":{"line":30,"column":17},"end":{"line":30,"column":32}},"27":{"start":{"line":32,"column":4},"end":{"line":32,"column":15}},"28":{"start":{"line":36,"column":0},"end":{"line":36,"column":26}}},"fnMap":{"0":{"name":"(anonymous_0)","decl":{"start":{"line":5,"column":17},"end":{"line":5,"column":18}},"loc":{"start":{"line":5,"column":38},"end":{"line":34,"column":1}},"line":5}},"branchMap":{"0":{"loc":{"start":{"line":7,"column":4},"end":{"line":20,"column":5}},"type":"if","locations":[{"start":{"line":7,"column":4},"end":{"line":20,"column":5}},{"start":{},"end":{}}],"line":7},"1":{"loc":{"start":{"line":8,"column":4},"end":{"line":8,"column":58}},"type":"if","locations":[{"start":{"line":8,"column":4},"end":{"line":8,"column":58}},{"start":{},"end":{}}],"line":8},"2":{"loc":{"start":{"line":11,"column":4},"end":{"line":11,"column":27}},"type":"if","locations":[{"start":{"line":11,"column":4},"end":{"line":11,"column":27}},{"start":{},"end":{}}],"line":11},"3":{"loc":{"start":{"line":14,"column":4},"end":{"line":14,"column":28}},"type":"if","locations":[{"start":{"line":14,"column":4},"end":{"line":14,"column":28}},{"start":{},"end":{}}],"line":14},"4":{"loc":{"start":{"line":17,"column":4},"end":{"line":17,"column":29}},"type":"if","locations":[{"start":{"line":17,"column":4},"end":{"line":17,"column":29}},{"start":{},"end":{}}],"line":17},"5":{"loc":{"start":{"line":22,"column":4},"end":{"line":33,"column":5}},"type":"if","locations":[{"start":{"line":22,"column":4},"end":{"line":33,"column":5}},{"start":{},"end":{}}],"line":22},"6":{"loc":{"start":{"line":24,"column":4},"end":{"line":24,"column":28}},"type":"if","locations":[{"start":{"line":24,"column":4},"end":{"line":24,"column":28}},{"start":{},"end":{}}],"line":24},"7":{"loc":{"start":{"line":27,"column":4},"end":{"line":27,"column":30}},"type":"if","locations":[{"start":{"line":27,"column":4},"end":{"line":27,"column":30}},{"start":{},"end":{}}],"line":27},"8":{"loc":{"start":{"line":30,"column":4},"end":{"line":30,"column":32}},"type":"if","locations":[{"start":{"line":30,"column":4},"end":{"line":30,"column":32}},{"start":{},"end":{}}],"line":30}},"s":{"0":2,"1":2,"2":2,"3":2,"4":8,"5":5,"6":0,"7":5,"8":3,"9":1,"10":2,"11":2,"12":1,"13":1,"14":1,"15":1,"16":0,"17":3,"18":3,"19":1,"20":1,"21":0,"22":0,"23":0,"24":0,"25":0,"26":0,"27":0,"28":2},"f":{"0":8},"b":{"0":[5,3],"1":[0,5],"2":[1,2],"3":[1,1],"4":[1,0],"5":[3,0],"6":[1,0],"7":[0,0],"8":[0,0]},"_coverageSchema":"1a1c01bbd47fc00a2c39e90264f33305004495a9","hash":"699f17eb247b4807033ecaa5becc88de287fe0d4"}
,"/Users/mac/projects/twizll/twizll-api/middleware/authenticated.js": {"path":"/Users/mac/projects/twizll/twizll-api/middleware/authenticated.js","statementMap":{"0":{"start":{"line":1,"column":12},"end":{"line":1,"column":35}},"1":{"start":{"line":2,"column":14},"end":{"line":2,"column":47}},"2":{"start":{"line":3,"column":13},"end":{"line":3,"column":43}},"3":{"start":{"line":4,"column":14},"end":{"line":4,"column":45}},"4":{"start":{"line":5,"column":14},"end":{"line":5,"column":45}},"5":{"start":{"line":6,"column":15},"end":{"line":6,"column":47}},"6":{"start":{"line":7,"column":16},"end":{"line":7,"column":49}},"7":{"start":{"line":8,"column":17},"end":{"line":8,"column":56}},"8":{"start":{"line":11,"column":22},"end":{"line":85,"column":1}},"9":{"start":{"line":12,"column":4},"end":{"line":84,"column":6}},"10":{"start":{"line":15,"column":8},"end":{"line":22,"column":9}},"11":{"start":{"line":19,"column":12},"end":{"line":19,"column":60}},"12":{"start":{"line":20,"column":15},"end":{"line":22,"column":9}},"13":{"start":{"line":21,"column":12},"end":{"line":21,"column":38}},"14":{"start":{"line":25,"column":8},"end":{"line":31,"column":9}},"15":{"start":{"line":26,"column":12},"end":{"line":30,"column":15}},"16":{"start":{"line":34,"column":26},"end":{"line":34,"column":54}},"17":{"start":{"line":36,"column":8},"end":{"line":40,"column":9}},"18":{"start":{"line":37,"column":12},"end":{"line":39,"column":14}},"19":{"start":{"line":41,"column":8},"end":{"line":83,"column":9}},"20":{"start":{"line":43,"column":28},"end":{"line":43,"column":69}},"21":{"start":{"line":45,"column":12},"end":{"line":45,"column":60}},"22":{"start":{"line":46,"column":12},"end":{"line":53,"column":13}},"23":{"start":{"line":47,"column":16},"end":{"line":52,"column":18}},"24":{"start":{"line":55,"column":12},"end":{"line":55,"column":29}},"25":{"start":{"line":57,"column":12},"end":{"line":60,"column":13}},"26":{"start":{"line":59,"column":16},"end":{"line":59,"column":71}},"27":{"start":{"line":62,"column":12},"end":{"line":62,"column":19}},"28":{"start":{"line":64,"column":12},"end":{"line":71,"column":13}},"29":{"start":{"line":65,"column":16},"end":{"line":70,"column":18}},"30":{"start":{"line":72,"column":12},"end":{"line":76,"column":13}},"31":{"start":{"line":73,"column":16},"end":{"line":75,"column":18}},"32":{"start":{"line":77,"column":12},"end":{"line":81,"column":13}},"33":{"start":{"line":78,"column":16},"end":{"line":80,"column":18}},"34":{"start":{"line":82,"column":12},"end":{"line":82,"column":27}},"35":{"start":{"line":86,"column":0},"end":{"line":86,"column":31}}},"fnMap":{"0":{"name":"(anonymous_0)","decl":{"start":{"line":11,"column":22},"end":{"line":11,"column":23}},"loc":{"start":{"line":11,"column":30},"end":{"line":85,"column":1}},"line":11},"1":{"name":"(anonymous_1)","decl":{"start":{"line":12,"column":11},"end":{"line":12,"column":12}},"loc":{"start":{"line":12,"column":37},"end":{"line":84,"column":5}},"line":12}},"branchMap":{"0":{"loc":{"start":{"line":15,"column":8},"end":{"line":22,"column":9}},"type":"if","locations":[{"start":{"line":15,"column":8},"end":{"line":22,"column":9}},{"start":{"line":20,"column":15},"end":{"line":22,"column":9}}],"line":15},"1":{"loc":{"start":{"line":16,"column":12},"end":{"line":17,"column":58}},"type":"binary-expr","locations":[{"start":{"line":16,"column":12},"end":{"line":16,"column":37}},{"start":{"line":17,"column":12},"end":{"line":17,"column":58}}],"line":16},"2":{"loc":{"start":{"line":20,"column":15},"end":{"line":22,"column":9}},"type":"if","locations":[{"start":{"line":20,"column":15},"end":{"line":22,"column":9}},{"start":{},"end":{}}],"line":20},"3":{"loc":{"start":{"line":25,"column":8},"end":{"line":31,"column":9}},"type":"if","locations":[{"start":{"line":25,"column":8},"end":{"line":31,"column":9}},{"start":{},"end":{}}],"line":25},"4":{"loc":{"start":{"line":36,"column":8},"end":{"line":40,"column":9}},"type":"if","locations":[{"start":{"line":36,"column":8},"end":{"line":40,"column":9}},{"start":{},"end":{}}],"line":36},"5":{"loc":{"start":{"line":36,"column":12},"end":{"line":36,"column":54}},"type":"binary-expr","locations":[{"start":{"line":36,"column":12},"end":{"line":36,"column":22}},{"start":{"line":36,"column":26},"end":{"line":36,"column":54}}],"line":36},"6":{"loc":{"start":{"line":46,"column":12},"end":{"line":53,"column":13}},"type":"if","locations":[{"start":{"line":46,"column":12},"end":{"line":53,"column":13}},{"start":{},"end":{}}],"line":46},"7":{"loc":{"start":{"line":57,"column":12},"end":{"line":60,"column":13}},"type":"if","locations":[{"start":{"line":57,"column":12},"end":{"line":60,"column":13}},{"start":{},"end":{}}],"line":57},"8":{"loc":{"start":{"line":57,"column":16},"end":{"line":57,"column":54}},"type":"binary-expr","locations":[{"start":{"line":57,"column":16},"end":{"line":57,"column":33}},{"start":{"line":57,"column":37},"end":{"line":57,"column":54}}],"line":57},"9":{"loc":{"start":{"line":64,"column":12},"end":{"line":71,"column":13}},"type":"if","locations":[{"start":{"line":64,"column":12},"end":{"line":71,"column":13}},{"start":{},"end":{}}],"line":64},"10":{"loc":{"start":{"line":72,"column":12},"end":{"line":76,"column":13}},"type":"if","locations":[{"start":{"line":72,"column":12},"end":{"line":76,"column":13}},{"start":{},"end":{}}],"line":72},"11":{"loc":{"start":{"line":77,"column":12},"end":{"line":81,"column":13}},"type":"if","locations":[{"start":{"line":77,"column":12},"end":{"line":81,"column":13}},{"start":{},"end":{}}],"line":77}},"s":{"0":1,"1":1,"2":1,"3":1,"4":1,"5":1,"6":1,"7":1,"8":1,"9":2,"10":2,"11":2,"12":0,"13":0,"14":2,"15":0,"16":2,"17":2,"18":0,"19":2,"20":2,"21":2,"22":2,"23":0,"24":2,"25":2,"26":0,"27":2,"28":0,"29":0,"30":0,"31":0,"32":0,"33":0,"34":0,"35":1},"f":{"0":2,"1":2},"b":{"0":[2,0],"1":[2,2],"2":[0,0],"3":[0,2],"4":[0,2],"5":[2,2],"6":[0,2],"7":[0,2],"8":[2,0],"9":[0,0],"10":[0,0],"11":[0,0]},"_coverageSchema":"1a1c01bbd47fc00a2c39e90264f33305004495a9","hash":"6580efa30cfac5e487f70c28bc56e1f7854cb52e"}
,"/Users/mac/projects/twizll/twizll-api/models/buyerModel.js": {"path":"/Users/mac/projects/twizll/twizll-api/models/buyerModel.js","statementMap":{"0":{"start":{"line":1,"column":18},"end":{"line":1,"column":38}},"1":{"start":{"line":2,"column":15},"end":{"line":2,"column":34}},"2":{"start":{"line":3,"column":26},"end":{"line":3,"column":45}},"3":{"start":{"line":4,"column":17},"end":{"line":4,"column":36}},"4":{"start":{"line":6,"column":20},"end":{"line":91,"column":1}},"5":{"start":{"line":35,"column":8},"end":{"line":39,"column":9}},"6":{"start":{"line":36,"column":10},"end":{"line":36,"column":64}},"7":{"start":{"line":37,"column":15},"end":{"line":39,"column":9}},"8":{"start":{"line":38,"column":10},"end":{"line":38,"column":63}},"9":{"start":{"line":93,"column":0},"end":{"line":99,"column":2}},"10":{"start":{"line":94,"column":2},"end":{"line":94,"column":49}},"11":{"start":{"line":94,"column":36},"end":{"line":94,"column":49}},"12":{"start":{"line":96,"column":2},"end":{"line":96,"column":54}},"13":{"start":{"line":98,"column":2},"end":{"line":98,"column":8}},"14":{"start":{"line":101,"column":0},"end":{"line":106,"column":1}},"15":{"start":{"line":105,"column":2},"end":{"line":105,"column":69}},"16":{"start":{"line":108,"column":0},"end":{"line":108,"column":69}}},"fnMap":{"0":{"name":"(anonymous_0)","decl":{"start":{"line":34,"column":6},"end":{"line":34,"column":7}},"loc":{"start":{"line":34,"column":22},"end":{"line":40,"column":7}},"line":34},"1":{"name":"(anonymous_1)","decl":{"start":{"line":93,"column":24},"end":{"line":93,"column":25}},"loc":{"start":{"line":93,"column":46},"end":{"line":99,"column":1}},"line":93},"2":{"name":"(anonymous_2)","decl":{"start":{"line":101,"column":38},"end":{"line":101,"column":39}},"loc":{"start":{"line":104,"column":2},"end":{"line":106,"column":1}},"line":104}},"branchMap":{"0":{"loc":{"start":{"line":35,"column":8},"end":{"line":39,"column":9}},"type":"if","locations":[{"start":{"line":35,"column":8},"end":{"line":39,"column":9}},{"start":{"line":37,"column":15},"end":{"line":39,"column":9}}],"line":35},"1":{"loc":{"start":{"line":37,"column":15},"end":{"line":39,"column":9}},"type":"if","locations":[{"start":{"line":37,"column":15},"end":{"line":39,"column":9}},{"start":{},"end":{}}],"line":37},"2":{"loc":{"start":{"line":94,"column":2},"end":{"line":94,"column":49}},"type":"if","locations":[{"start":{"line":94,"column":2},"end":{"line":94,"column":49}},{"start":{},"end":{}}],"line":94},"3":{"loc":{"start":{"line":108,"column":17},"end":{"line":108,"column":69}},"type":"binary-expr","locations":[{"start":{"line":108,"column":17},"end":{"line":108,"column":38}},{"start":{"line":108,"column":42},"end":{"line":108,"column":69}}],"line":108}},"s":{"0":2,"1":2,"2":2,"3":2,"4":2,"5":0,"6":0,"7":0,"8":0,"9":2,"10":0,"11":0,"12":0,"13":0,"14":2,"15":0,"16":2},"f":{"0":0,"1":0,"2":0},"b":{"0":[0,0],"1":[0,0],"2":[0,0],"3":[2,2]},"_coverageSchema":"1a1c01bbd47fc00a2c39e90264f33305004495a9","hash":"6886eabfe6dcfb580ff0851c60f831f7753d18cd"}
,"/Users/mac/projects/twizll/twizll-api/models/sellerModel.js": {"path":"/Users/mac/projects/twizll/twizll-api/models/sellerModel.js","statementMap":{"0":{"start":{"line":1,"column":18},"end":{"line":1,"column":38}},"1":{"start":{"line":2,"column":15},"end":{"line":2,"column":34}},"2":{"start":{"line":3,"column":26},"end":{"line":3,"column":45}},"3":{"start":{"line":4,"column":17},"end":{"line":4,"column":36}},"4":{"start":{"line":6,"column":21},"end":{"line":113,"column":1}},"5":{"start":{"line":73,"column":8},"end":{"line":75,"column":9}},"6":{"start":{"line":74,"column":10},"end":{"line":74,"column":64}},"7":{"start":{"line":115,"column":0},"end":{"line":121,"column":2}},"8":{"start":{"line":116,"column":2},"end":{"line":116,"column":49}},"9":{"start":{"line":116,"column":36},"end":{"line":116,"column":49}},"10":{"start":{"line":118,"column":2},"end":{"line":118,"column":54}},"11":{"start":{"line":120,"column":2},"end":{"line":120,"column":8}},"12":{"start":{"line":123,"column":0},"end":{"line":128,"column":1}},"13":{"start":{"line":127,"column":2},"end":{"line":127,"column":69}},"14":{"start":{"line":130,"column":0},"end":{"line":135,"column":2}},"15":{"start":{"line":137,"column":0},"end":{"line":137,"column":72}}},"fnMap":{"0":{"name":"(anonymous_0)","decl":{"start":{"line":72,"column":6},"end":{"line":72,"column":7}},"loc":{"start":{"line":72,"column":22},"end":{"line":76,"column":7}},"line":72},"1":{"name":"(anonymous_1)","decl":{"start":{"line":115,"column":25},"end":{"line":115,"column":26}},"loc":{"start":{"line":115,"column":47},"end":{"line":121,"column":1}},"line":115},"2":{"name":"(anonymous_2)","decl":{"start":{"line":123,"column":39},"end":{"line":123,"column":40}},"loc":{"start":{"line":126,"column":2},"end":{"line":128,"column":1}},"line":126}},"branchMap":{"0":{"loc":{"start":{"line":73,"column":8},"end":{"line":75,"column":9}},"type":"if","locations":[{"start":{"line":73,"column":8},"end":{"line":75,"column":9}},{"start":{},"end":{}}],"line":73},"1":{"loc":{"start":{"line":116,"column":2},"end":{"line":116,"column":49}},"type":"if","locations":[{"start":{"line":116,"column":2},"end":{"line":116,"column":49}},{"start":{},"end":{}}],"line":116},"2":{"loc":{"start":{"line":137,"column":17},"end":{"line":137,"column":72}},"type":"binary-expr","locations":[{"start":{"line":137,"column":17},"end":{"line":137,"column":39}},{"start":{"line":137,"column":43},"end":{"line":137,"column":72}}],"line":137}},"s":{"0":2,"1":2,"2":2,"3":2,"4":2,"5":0,"6":0,"7":2,"8":0,"9":0,"10":0,"11":0,"12":2,"13":0,"14":2,"15":2},"f":{"0":0,"1":0,"2":0},"b":{"0":[0,0],"1":[0,0],"2":[2,2]},"_coverageSchema":"1a1c01bbd47fc00a2c39e90264f33305004495a9","hash":"3700a96a2609cd7d715516f47aeb41a1271888c3"}
,"/Users/mac/projects/twizll/twizll-api/models/storeModel.js": {"path":"/Users/mac/projects/twizll/twizll-api/models/storeModel.js","statementMap":{"0":{"start":{"line":1,"column":26},"end":{"line":1,"column":45}},"1":{"start":{"line":3,"column":20},"end":{"line":75,"column":2}},"2":{"start":{"line":76,"column":0},"end":{"line":76,"column":47}},"3":{"start":{"line":77,"column":0},"end":{"line":77,"column":45}},"4":{"start":{"line":79,"column":0},"end":{"line":84,"column":2}},"5":{"start":{"line":86,"column":0},"end":{"line":86,"column":44}}},"fnMap":{},"branchMap":{},"s":{"0":1,"1":1,"2":1,"3":1,"4":1,"5":1},"f":{},"b":{},"_coverageSchema":"1a1c01bbd47fc00a2c39e90264f33305004495a9","hash":"73d2825945708d3c21af9f88ae06f7d11316f66a"}
,"/Users/mac/projects/twizll/twizll-api/models/stylistModel.js": {"path":"/Users/mac/projects/twizll/twizll-api/models/stylistModel.js","statementMap":{"0":{"start":{"line":1,"column":18},"end":{"line":1,"column":38}},"1":{"start":{"line":2,"column":15},"end":{"line":2,"column":34}},"2":{"start":{"line":3,"column":26},"end":{"line":3,"column":45}},"3":{"start":{"line":4,"column":17},"end":{"line":4,"column":36}},"4":{"start":{"line":6,"column":22},"end":{"line":127,"column":1}},"5":{"start":{"line":73,"column":8},"end":{"line":75,"column":9}},"6":{"start":{"line":74,"column":10},"end":{"line":74,"column":64}},"7":{"start":{"line":129,"column":0},"end":{"line":135,"column":2}},"8":{"start":{"line":130,"column":2},"end":{"line":130,"column":49}},"9":{"start":{"line":130,"column":36},"end":{"line":130,"column":49}},"10":{"start":{"line":132,"column":2},"end":{"line":132,"column":54}},"11":{"start":{"line":134,"column":2},"end":{"line":134,"column":8}},"12":{"start":{"line":137,"column":0},"end":{"line":142,"column":1}},"13":{"start":{"line":141,"column":2},"end":{"line":141,"column":69}},"14":{"start":{"line":144,"column":0},"end":{"line":149,"column":2}},"15":{"start":{"line":151,"column":0},"end":{"line":151,"column":75}}},"fnMap":{"0":{"name":"(anonymous_0)","decl":{"start":{"line":72,"column":6},"end":{"line":72,"column":7}},"loc":{"start":{"line":72,"column":22},"end":{"line":76,"column":7}},"line":72},"1":{"name":"(anonymous_1)","decl":{"start":{"line":129,"column":26},"end":{"line":129,"column":27}},"loc":{"start":{"line":129,"column":48},"end":{"line":135,"column":1}},"line":129},"2":{"name":"(anonymous_2)","decl":{"start":{"line":137,"column":40},"end":{"line":137,"column":41}},"loc":{"start":{"line":140,"column":2},"end":{"line":142,"column":1}},"line":140}},"branchMap":{"0":{"loc":{"start":{"line":73,"column":8},"end":{"line":75,"column":9}},"type":"if","locations":[{"start":{"line":73,"column":8},"end":{"line":75,"column":9}},{"start":{},"end":{}}],"line":73},"1":{"loc":{"start":{"line":130,"column":2},"end":{"line":130,"column":49}},"type":"if","locations":[{"start":{"line":130,"column":2},"end":{"line":130,"column":49}},{"start":{},"end":{}}],"line":130},"2":{"loc":{"start":{"line":151,"column":17},"end":{"line":151,"column":75}},"type":"binary-expr","locations":[{"start":{"line":151,"column":17},"end":{"line":151,"column":40}},{"start":{"line":151,"column":44},"end":{"line":151,"column":75}}],"line":151}},"s":{"0":2,"1":2,"2":2,"3":2,"4":2,"5":0,"6":0,"7":2,"8":0,"9":0,"10":0,"11":0,"12":2,"13":0,"14":2,"15":2},"f":{"0":0,"1":0,"2":0},"b":{"0":[0,0],"1":[0,0],"2":[2,2]},"_coverageSchema":"1a1c01bbd47fc00a2c39e90264f33305004495a9","hash":"ad93ed9221d72b2473cdee4dfe8e49d634a62313"}
,"/Users/mac/projects/twizll/twizll-api/models/userModel.js": {"path":"/Users/mac/projects/twizll/twizll-api/models/userModel.js","statementMap":{"0":{"start":{"line":1,"column":18},"end":{"line":1,"column":38}},"1":{"start":{"line":2,"column":15},"end":{"line":2,"column":34}},"2":{"start":{"line":3,"column":26},"end":{"line":3,"column":45}},"3":{"start":{"line":4,"column":17},"end":{"line":4,"column":36}},"4":{"start":{"line":6,"column":19},"end":{"line":106,"column":1}},"5":{"start":{"line":73,"column":8},"end":{"line":75,"column":9}},"6":{"start":{"line":74,"column":10},"end":{"line":74,"column":64}},"7":{"start":{"line":108,"column":0},"end":{"line":114,"column":2}},"8":{"start":{"line":109,"column":2},"end":{"line":109,"column":49}},"9":{"start":{"line":109,"column":36},"end":{"line":109,"column":49}},"10":{"start":{"line":111,"column":2},"end":{"line":111,"column":54}},"11":{"start":{"line":113,"column":2},"end":{"line":113,"column":8}},"12":{"start":{"line":116,"column":0},"end":{"line":121,"column":1}},"13":{"start":{"line":120,"column":2},"end":{"line":120,"column":69}},"14":{"start":{"line":123,"column":0},"end":{"line":128,"column":2}},"15":{"start":{"line":130,"column":0},"end":{"line":130,"column":66}}},"fnMap":{"0":{"name":"(anonymous_0)","decl":{"start":{"line":72,"column":6},"end":{"line":72,"column":7}},"loc":{"start":{"line":72,"column":22},"end":{"line":76,"column":7}},"line":72},"1":{"name":"(anonymous_1)","decl":{"start":{"line":108,"column":23},"end":{"line":108,"column":24}},"loc":{"start":{"line":108,"column":45},"end":{"line":114,"column":1}},"line":108},"2":{"name":"(anonymous_2)","decl":{"start":{"line":116,"column":37},"end":{"line":116,"column":38}},"loc":{"start":{"line":119,"column":2},"end":{"line":121,"column":1}},"line":119}},"branchMap":{"0":{"loc":{"start":{"line":73,"column":8},"end":{"line":75,"column":9}},"type":"if","locations":[{"start":{"line":73,"column":8},"end":{"line":75,"column":9}},{"start":{},"end":{}}],"line":73},"1":{"loc":{"start":{"line":109,"column":2},"end":{"line":109,"column":49}},"type":"if","locations":[{"start":{"line":109,"column":2},"end":{"line":109,"column":49}},{"start":{},"end":{}}],"line":109},"2":{"loc":{"start":{"line":130,"column":17},"end":{"line":130,"column":66}},"type":"binary-expr","locations":[{"start":{"line":130,"column":17},"end":{"line":130,"column":37}},{"start":{"line":130,"column":41},"end":{"line":130,"column":66}}],"line":130}},"s":{"0":1,"1":1,"2":1,"3":1,"4":1,"5":0,"6":0,"7":1,"8":0,"9":0,"10":0,"11":0,"12":1,"13":0,"14":1,"15":1},"f":{"0":0,"1":0,"2":0},"b":{"0":[0,0],"1":[0,0],"2":[1,1]},"_coverageSchema":"1a1c01bbd47fc00a2c39e90264f33305004495a9","hash":"9908a5c09732dd46902fd8553e0432c89a957c9c"}
,"/Users/mac/projects/twizll/twizll-api/tests/db.js": {"path":"/Users/mac/projects/twizll/twizll-api/tests/db.js","statementMap":{"0":{"start":{"line":1,"column":17},"end":{"line":1,"column":36}},"1":{"start":{"line":2,"column":30},"end":{"line":2,"column":62}},"2":{"start":{"line":4,"column":15},"end":{"line":4,"column":38}},"3":{"start":{"line":6,"column":0},"end":{"line":15,"column":2}},"4":{"start":{"line":7,"column":16},"end":{"line":7,"column":37}},"5":{"start":{"line":9,"column":4},"end":{"line":13,"column":6}},"6":{"start":{"line":14,"column":4},"end":{"line":14,"column":49}},"7":{"start":{"line":17,"column":0},"end":{"line":21,"column":2}},"8":{"start":{"line":18,"column":4},"end":{"line":18,"column":45}},"9":{"start":{"line":19,"column":4},"end":{"line":19,"column":38}},"10":{"start":{"line":20,"column":4},"end":{"line":20,"column":23}},"11":{"start":{"line":23,"column":0},"end":{"line":29,"column":2}},"12":{"start":{"line":24,"column":24},"end":{"line":24,"column":44}},"13":{"start":{"line":25,"column":4},"end":{"line":28,"column":5}},"14":{"start":{"line":26,"column":27},"end":{"line":26,"column":43}},"15":{"start":{"line":27,"column":8},"end":{"line":27,"column":38}}},"fnMap":{"0":{"name":"(anonymous_0)","decl":{"start":{"line":6,"column":25},"end":{"line":6,"column":26}},"loc":{"start":{"line":6,"column":37},"end":{"line":15,"column":1}},"line":6},"1":{"name":"(anonymous_1)","decl":{"start":{"line":17,"column":31},"end":{"line":17,"column":32}},"loc":{"start":{"line":17,"column":43},"end":{"line":21,"column":1}},"line":17},"2":{"name":"(anonymous_2)","decl":{"start":{"line":23,"column":31},"end":{"line":23,"column":32}},"loc":{"start":{"line":23,"column":43},"end":{"line":29,"column":1}},"line":23}},"branchMap":{},"s":{"0":1,"1":1,"2":1,"3":1,"4":0,"5":0,"6":0,"7":1,"8":0,"9":0,"10":0,"11":1,"12":0,"13":0,"14":0,"15":0},"f":{"0":0,"1":0,"2":0},"b":{},"_coverageSchema":"1a1c01bbd47fc00a2c39e90264f33305004495a9","hash":"74d43d8814c8f21ed0b1e1360e95db0155f0b593"}
,"/Users/mac/projects/twizll/twizll-api/utils/errorResponse.js": {"path":"/Users/mac/projects/twizll/twizll-api/utils/errorResponse.js","statementMap":{"0":{"start":{"line":3,"column":2},"end":{"line":3,"column":16}},"1":{"start":{"line":4,"column":2},"end":{"line":4,"column":30}},"2":{"start":{"line":6,"column":2},"end":{"line":6,"column":49}},"3":{"start":{"line":10,"column":0},"end":{"line":10,"column":30}}},"fnMap":{"0":{"name":"(anonymous_0)","decl":{"start":{"line":2,"column":1},"end":{"line":2,"column":2}},"loc":{"start":{"line":2,"column":34},"end":{"line":7,"column":2}},"line":2}},"branchMap":{},"s":{"0":0,"1":0,"2":0,"3":1},"f":{"0":0},"b":{},"_coverageSchema":"1a1c01bbd47fc00a2c39e90264f33305004495a9","hash":"af7228dfd3f43c6464d6c063fe73331f6715a87d"}
}
