TN:
SF:controllers/auth/findUser.js
FN:5,(anonymous_0)
FNF:1
FNH:1
FNDA:8,(anonymous_0)
DA:1,2
DA:2,2
DA:3,2
DA:5,2
DA:7,8
DA:8,5
DA:10,5
DA:11,3
DA:13,2
DA:14,2
DA:16,1
DA:17,1
DA:19,0
DA:22,3
DA:23,3
DA:24,1
DA:26,0
DA:27,0
DA:29,0
DA:30,0
DA:32,0
DA:36,2
LF:22
LH:16
BRDA:7,0,0,5
BRDA:7,0,1,3
BRDA:8,1,0,0
BRDA:8,1,1,5
BRDA:11,2,0,1
BRDA:11,2,1,2
BRDA:14,3,0,1
BRDA:14,3,1,1
BRDA:17,4,0,1
BRDA:17,4,1,0
BRDA:22,5,0,3
BRDA:22,5,1,0
BRDA:24,6,0,1
BRDA:24,6,1,0
BRDA:27,7,0,0
BRDA:27,7,1,0
BRDA:30,8,0,0
BRDA:30,8,1,0
BRF:18
BRH:10
end_of_record
TN:
SF:middleware/authenticated.js
FN:11,(anonymous_0)
FN:12,(anonymous_1)
FNF:2
FNH:2
FNDA:2,(anonymous_0)
FNDA:2,(anonymous_1)
DA:1,1
DA:2,1
DA:3,1
DA:4,1
DA:5,1
DA:6,1
DA:7,1
DA:8,1
DA:11,1
DA:12,2
DA:15,2
DA:19,2
DA:20,0
DA:21,0
DA:25,2
DA:26,0
DA:34,2
DA:36,2
DA:37,0
DA:41,2
DA:43,2
DA:45,2
DA:46,2
DA:47,0
DA:55,2
DA:57,2
DA:59,0
DA:62,2
DA:64,0
DA:65,0
DA:72,0
DA:73,0
DA:77,0
DA:78,0
DA:82,0
DA:86,1
LF:36
LH:23
BRDA:15,0,0,2
BRDA:15,0,1,0
BRDA:16,1,0,2
BRDA:16,1,1,2
BRDA:20,2,0,0
BRDA:20,2,1,0
BRDA:25,3,0,0
BRDA:25,3,1,2
BRDA:36,4,0,0
BRDA:36,4,1,2
BRDA:36,5,0,2
BRDA:36,5,1,2
BRDA:46,6,0,0
BRDA:46,6,1,2
BRDA:57,7,0,0
BRDA:57,7,1,2
BRDA:57,8,0,2
BRDA:57,8,1,0
BRDA:64,9,0,0
BRDA:64,9,1,0
BRDA:72,10,0,0
BRDA:72,10,1,0
BRDA:77,11,0,0
BRDA:77,11,1,0
BRF:24
BRH:10
end_of_record
TN:
SF:models/buyerModel.js
FN:34,(anonymous_0)
FN:93,(anonymous_1)
FN:101,(anonymous_2)
FNF:3
FNH:0
FNDA:0,(anonymous_0)
FNDA:0,(anonymous_1)
FNDA:0,(anonymous_2)
DA:1,2
DA:2,2
DA:3,2
DA:4,2
DA:6,2
DA:35,0
DA:36,0
DA:37,0
DA:38,0
DA:93,2
DA:94,0
DA:96,0
DA:98,0
DA:101,2
DA:105,0
DA:108,2
LF:16
LH:8
BRDA:35,0,0,0
BRDA:35,0,1,0
BRDA:37,1,0,0
BRDA:37,1,1,0
BRDA:94,2,0,0
BRDA:94,2,1,0
BRDA:108,3,0,2
BRDA:108,3,1,2
BRF:8
BRH:2
end_of_record
TN:
SF:models/sellerModel.js
FN:72,(anonymous_0)
FN:115,(anonymous_1)
FN:123,(anonymous_2)
FNF:3
FNH:0
FNDA:0,(anonymous_0)
FNDA:0,(anonymous_1)
FNDA:0,(anonymous_2)
DA:1,2
DA:2,2
DA:3,2
DA:4,2
DA:6,2
DA:73,0
DA:74,0
DA:115,2
DA:116,0
DA:118,0
DA:120,0
DA:123,2
DA:127,0
DA:130,2
DA:137,2
LF:15
LH:9
BRDA:73,0,0,0
BRDA:73,0,1,0
BRDA:116,1,0,0
BRDA:116,1,1,0
BRDA:137,2,0,2
BRDA:137,2,1,2
BRF:6
BRH:2
end_of_record
TN:
SF:models/storeModel.js
FNF:0
FNH:0
DA:1,1
DA:3,1
DA:76,1
DA:77,1
DA:79,1
DA:86,1
LF:6
LH:6
BRF:0
BRH:0
end_of_record
TN:
SF:models/stylistModel.js
FN:72,(anonymous_0)
FN:129,(anonymous_1)
FN:137,(anonymous_2)
FNF:3
FNH:0
FNDA:0,(anonymous_0)
FNDA:0,(anonymous_1)
FNDA:0,(anonymous_2)
DA:1,2
DA:2,2
DA:3,2
DA:4,2
DA:6,2
DA:73,0
DA:74,0
DA:129,2
DA:130,0
DA:132,0
DA:134,0
DA:137,2
DA:141,0
DA:144,2
DA:151,2
LF:15
LH:9
BRDA:73,0,0,0
BRDA:73,0,1,0
BRDA:130,1,0,0
BRDA:130,1,1,0
BRDA:151,2,0,2
BRDA:151,2,1,2
BRF:6
BRH:2
end_of_record
TN:
SF:models/userModel.js
FN:72,(anonymous_0)
FN:108,(anonymous_1)
FN:116,(anonymous_2)
FNF:3
FNH:0
FNDA:0,(anonymous_0)
FNDA:0,(anonymous_1)
FNDA:0,(anonymous_2)
DA:1,1
DA:2,1
DA:3,1
DA:4,1
DA:6,1
DA:73,0
DA:74,0
DA:108,1
DA:109,0
DA:111,0
DA:113,0
DA:116,1
DA:120,0
DA:123,1
DA:130,1
LF:15
LH:9
BRDA:73,0,0,0
BRDA:73,0,1,0
BRDA:109,1,0,0
BRDA:109,1,1,0
BRDA:130,2,0,1
BRDA:130,2,1,1
BRF:6
BRH:2
end_of_record
TN:
SF:tests/db.js
FN:6,(anonymous_0)
FN:17,(anonymous_1)
FN:23,(anonymous_2)
FNF:3
FNH:0
FNDA:0,(anonymous_0)
FNDA:0,(anonymous_1)
FNDA:0,(anonymous_2)
DA:1,1
DA:2,1
DA:4,1
DA:6,1
DA:7,0
DA:9,0
DA:14,0
DA:17,1
DA:18,0
DA:19,0
DA:20,0
DA:23,1
DA:24,0
DA:25,0
DA:26,0
DA:27,0
LF:16
LH:6
BRF:0
BRH:0
end_of_record
TN:
SF:utils/errorResponse.js
FN:2,(anonymous_0)
FNF:1
FNH:0
FNDA:0,(anonymous_0)
DA:3,0
DA:4,0
DA:6,0
DA:10,1
LF:4
LH:1
BRF:0
BRH:0
end_of_record
